<?xml version="1.0" encoding="UTF-8"?>
<!-- Generated by org.testng.reporters.JUnitReportReporter -->
<testsuite hostname="DESKTOP-K65D9U0" failures="0" tests="1" name="luma.us.runner.LumaRunner" time="17.300" errors="0" timestamp="16 Dec 2022 01:19:59 GMT" skipped="0">
  <testcase classname="luma.us.runner.LumaRunner" name="runScenario" time="17.300"/>
</testsuite> <!-- luma.us.runner.LumaRunner -->
